<?xml version="1.0" encoding="UTF-8"?>
<testng-results skipped="0" failed="1" total="4" passed="3">
  <reporter-output>
    <line>
      <![CDATA[test method1 started]]>
    </line>
  </reporter-output>
  <suite name="Default suite" duration-ms="70" started-at="2019-10-22T09:23:03Z" finished-at="2019-10-22T09:23:03Z">
    <groups>
      <group name="gr1">
        <method signature="TestDep.testMethod1()[pri:0, instance:com.offline.TestDep@91161c7]" name="testMethod1" class="com.offline.TestDep"/>
        <method signature="TestDep.testMethod3()[pri:0, instance:com.offline.TestDep@91161c7]" name="testMethod3" class="com.offline.TestDep"/>
      </group> <!-- gr1 -->
    </groups>
    <test name="Default test" duration-ms="70" started-at="2019-10-22T09:23:03Z" finished-at="2019-10-22T09:23:03Z">
      <class name="com.offline.TestDep">
        <test-method status="PASS" signature="init(java.lang.reflect.Method)[pri:0, instance:com.offline.TestDep@91161c7]" name="init" is-config="true" duration-ms="8" started-at="2019-10-22T14:53:03Z" finished-at="2019-10-22T14:53:03Z">
          <params>
            <param index="0">
              <value>
                <![CDATA[public void com.offline.TestDep.testMethod1()]]>
              </value>
            </param>
          </params>
          <reporter-output>
          </reporter-output>
        </test-method> <!-- init -->
        <test-method status="PASS" signature="testMethod1()[pri:0, instance:com.offline.TestDep@91161c7]" name="testMethod1" duration-ms="4" started-at="2019-10-22T14:53:03Z" finished-at="2019-10-22T14:53:03Z">
          <reporter-output>
            <line>
              <![CDATA[test method1 started]]>
            </line>
          </reporter-output>
        </test-method> <!-- testMethod1 -->
        <test-method status="PASS" signature="testMethod3()[pri:0, instance:com.offline.TestDep@91161c7]" name="testMethod3" duration-ms="1" started-at="2019-10-22T14:53:03Z" finished-at="2019-10-22T14:53:03Z">
          <reporter-output>
          </reporter-output>
        </test-method> <!-- testMethod3 -->
        <test-method status="PASS" signature="init(java.lang.reflect.Method)[pri:0, instance:com.offline.TestDep@91161c7]" name="init" is-config="true" duration-ms="0" started-at="2019-10-22T14:53:03Z" finished-at="2019-10-22T14:53:03Z">
          <params>
            <param index="0">
              <value>
                <![CDATA[public void com.offline.TestDep.testMethod3()]]>
              </value>
            </param>
          </params>
          <reporter-output>
          </reporter-output>
        </test-method> <!-- init -->
        <test-method status="PASS" signature="init(java.lang.reflect.Method)[pri:0, instance:com.offline.TestDep@91161c7]" name="init" is-config="true" duration-ms="0" started-at="2019-10-22T14:53:03Z" finished-at="2019-10-22T14:53:03Z">
          <params>
            <param index="0">
              <value>
                <![CDATA[public void com.offline.TestDep.testMethod2()]]>
              </value>
            </param>
          </params>
          <reporter-output>
          </reporter-output>
        </test-method> <!-- init -->
        <test-method status="PASS" signature="testMethod2()[pri:0, instance:com.offline.TestDep@91161c7]" name="testMethod2" duration-ms="2" depends-on-groups="gr1" started-at="2019-10-22T14:53:03Z" finished-at="2019-10-22T14:53:03Z">
          <reporter-output>
          </reporter-output>
        </test-method> <!-- testMethod2 -->
        <test-method status="PASS" signature="init(java.lang.reflect.Method)[pri:0, instance:com.offline.TestDep@91161c7]" name="init" is-config="true" duration-ms="1" started-at="2019-10-22T14:53:03Z" finished-at="2019-10-22T14:53:03Z">
          <params>
            <param index="0">
              <value>
                <![CDATA[public void com.offline.TestDep.testMethod4()]]>
              </value>
            </param>
          </params>
          <reporter-output>
          </reporter-output>
        </test-method> <!-- init -->
        <test-method status="FAIL" signature="testMethod4()[pri:0, instance:com.offline.TestDep@91161c7]" name="testMethod4" duration-ms="11" started-at="2019-10-22T14:53:03Z" depends-on-methods="com.offline.TestDep.testMethod2" finished-at="2019-10-22T14:53:03Z">
          <exception class="java.lang.AssertionError">
            <message>
              <![CDATA[expected [test4] but found [test]]]>
            </message>
            <full-stacktrace>
              <![CDATA[java.lang.AssertionError: expected [test4] but found [test]
	at org.testng.Assert.fail(Assert.java:94)
	at org.testng.Assert.failNotEquals(Assert.java:494)
	at org.testng.Assert.assertEquals(Assert.java:123)
	at org.testng.Assert.assertEquals(Assert.java:176)
	at org.testng.Assert.assertEquals(Assert.java:186)
	at com.offline.TestDep.testMethod4(TestDep.java:37)
	at sun.reflect.NativeMethodAccessorImpl.invoke0(Native Method)
	at sun.reflect.NativeMethodAccessorImpl.invoke(Unknown Source)
	at sun.reflect.DelegatingMethodAccessorImpl.invoke(Unknown Source)
	at java.lang.reflect.Method.invoke(Unknown Source)
	at org.testng.internal.MethodInvocationHelper.invokeMethod(MethodInvocationHelper.java:85)
	at org.testng.internal.Invoker.invokeMethod(Invoker.java:696)
	at org.testng.internal.Invoker.invokeTestMethod(Invoker.java:882)
	at org.testng.internal.Invoker.invokeTestMethods(Invoker.java:1189)
	at org.testng.internal.TestMethodWorker.invokeTestMethods(TestMethodWorker.java:124)
	at org.testng.internal.TestMethodWorker.run(TestMethodWorker.java:108)
	at org.testng.TestRunner.privateRun(TestRunner.java:767)
	at org.testng.TestRunner.run(TestRunner.java:617)
	at org.testng.SuiteRunner.runTest(SuiteRunner.java:348)
	at org.testng.SuiteRunner.runSequentially(SuiteRunner.java:343)
	at org.testng.SuiteRunner.privateRun(SuiteRunner.java:305)
	at org.testng.SuiteRunner.run(SuiteRunner.java:254)
	at org.testng.SuiteRunnerWorker.runSuite(SuiteRunnerWorker.java:52)
	at org.testng.SuiteRunnerWorker.run(SuiteRunnerWorker.java:86)
	at org.testng.TestNG.runSuitesSequentially(TestNG.java:1224)
	at org.testng.TestNG.runSuitesLocally(TestNG.java:1149)
	at org.testng.TestNG.run(TestNG.java:1057)
	at org.testng.remote.RemoteTestNG.run(RemoteTestNG.java:111)
	at org.testng.remote.RemoteTestNG.initAndRun(RemoteTestNG.java:204)
	at org.testng.remote.RemoteTestNG.main(RemoteTestNG.java:175)
]]>
            </full-stacktrace>
          </exception> <!-- java.lang.AssertionError -->
          <reporter-output>
          </reporter-output>
        </test-method> <!-- testMethod4 -->
      </class> <!-- com.offline.TestDep -->
    </test> <!-- Default test -->
  </suite> <!-- Default suite -->
</testng-results>
